warning: tohost and fromhost symbols not in ELF; can't communicate with target
core   0: 3 0x00001000 (0x00000297) x5  0x00001000
core   0: 3 0x00001004 (0x02028593) x11 0x00001020
core   0: 3 0x00001008 (0xf1402573) x10 0x00000000
core   0: 3 0x0000100c (0x0182a283) x5  0x80000000 mem 0x00001018
core   0: 3 0x00001010 (0x00028067)
core   0: 3 0x80000000 (0x00000113) x2  0x00000000
core   0: 3 0x80000004 (0x00000193) x3  0x00000000
core   0: 3 0x80000008 (0x00000f93) x31 0x00000000
core   0: 3 0x8000000c (0x00000f13) x30 0x00000000
core   0: 3 0x80000010 (0x024000ef) x1  0x80000014
core   0: 3 0x80000034 (0x001f8f93) x31 0x00000001
core   0: 3 0x80000038 (0x06400293) x5  0x00000064
core   0: 3 0x8000003c (0x03228313) x6  0x00000096
core   0: 3 0x80000040 (0xff600393) x7  0xfffffff6
core   0: 3 0x80000044 (0x0c82a413) x8  0x00000001
core   0: 3 0x80000048 (0x0322a493) x9  0x00000000
core   0: 3 0x8000004c (0x0003a513) x10 0x00000001
core   0: 3 0x80000050 (0x0c82b593) x11 0x00000001
core   0: 3 0x80000054 (0x0003b613) x12 0x00000000
core   0: 3 0x80000058 (0x00f2c693) x13 0x0000006b
core   0: 3 0x8000005c (0xfff04713) x14 0xffffffff
core   0: 3 0x80000060 (0x00f2e793) x15 0x0000006f
core   0: 3 0x80000064 (0x55506813) x16 0x00000555
core   0: 3 0x80000068 (0x0ff77893) x17 0x000000ff
core   0: 3 0x8000006c (0x7002f913) x18 0x00000000
core   0: 3 0x80000070 (0x09600993) x19 0x00000096
core   0: 3 0x80000074 (0x01331a63)
core   0: 3 0x80000078 (0x00100993) x19 0x00000001
core   0: 3 0x8000007c (0x01341663)
core   0: 3 0x80000080 (0x01351463)
core   0: 3 0x80000084 (0x0080006f)
core   0: 3 0x8000008c (0x00008067)
core   0: 3 0x80000014 (0x07c000ef) x1  0x80000018
core   0: 3 0x80000090 (0x001f8f93) x31 0x00000002
core   0: 3 0x80000094 (0x01400293) x5  0x00000014
core   0: 3 0x80000098 (0x00f00313) x6  0x0000000f
core   0: 3 0x8000009c (0xffb00393) x7  0xfffffffb
core   0: 3 0x800000a0 (0x00628a33) x20 0x00000023
core   0: 3 0x800000a4 (0x00728ab3) x21 0x0000000f
core   0: 3 0x800000a8 (0x40628b33) x22 0x00000005
core   0: 3 0x800000ac (0x40530bb3) x23 0xfffffffb
core   0: 3 0x800000b0 (0x0062ac33) x24 0x00000000
core   0: 3 0x800000b4 (0x00532cb3) x25 0x00000001
core   0: 3 0x800000b8 (0x0053ad33) x26 0x00000001
core   0: 3 0x800000bc (0x0062bdb3) x27 0x00000000
core   0: 3 0x800000c0 (0x0053be33) x28 0x00000000
core   0: 3 0x800000c4 (0x0062c433) x8  0x0000001b
core   0: 3 0x800000c8 (0x0052c4b3) x9  0x00000000
core   0: 3 0x800000cc (0x0062e533) x10 0x0000001f
core   0: 3 0x800000d0 (0x005065b3) x11 0x00000014
core   0: 3 0x800000d4 (0x0062f633) x12 0x00000004
core   0: 3 0x800000d8 (0x0002f6b3) x13 0x00000000
core   0: 3 0x800000dc (0x02300e93) x29 0x00000023
core   0: 3 0x800000e0 (0x01da1a63)
core   0: 3 0x800000e4 (0x00500e93) x29 0x00000005
core   0: 3 0x800000e8 (0x01db1663)
core   0: 3 0x800000ec (0x00069463)
core   0: 3 0x800000f0 (0x0080006f)
core   0: 3 0x800000f8 (0x00008067)
core   0: 3 0x80000018 (0x0e4000ef) x1  0x8000001c
core   0: 3 0x800000fc (0x001f8f93) x31 0x00000003
core   0: 3 0x80000100 (0x3e800113) x2  0x000003e8
core   0: 3 0x80000104 (0x02a00293) x5  0x0000002a
core   0: 3 0x80000108 (0x13100313) x6  0x00000131
core   0: 3 0x8000010c (0x123453b7) x7  0x12345000
core   0: 3 0x80000110 (0x67838393) x7  0x12345678
core   0: 3 0x80000114 (0x0c800413) x8  0x000000c8
